


materialPath: C:\Program Files (x86)\Steam\steamapps\common\GarrysMod\garrysmod\materials
fixing up env_cubemap materials on brush sides...
0...1...2...3...4...5...6...7...8...9...10**** leaked ****
Entity prop_static (-1054.00 -854.00 -2186.27) leaked!

FindPortalSide: Couldn't find a good match for which brush to assign to a portal near (1473.5 1406.0 -1580.5)
Leaf 0 contents: CONTENTS_SOLID 
Leaf 1 contents: CONTENTS_SOLID CONTENTS_WINDOW CONTENTS_TRANSLUCENT 
viscontents (node 0 contents ^ node 1 contents): CONTENTS_WINDOW 
This means that none of the brushes in leaf 0 or 1 that touches the portal has CONTENTS_WINDOW 
Check for a huge brush enclosing the coordinates above that has contents CONTENTS_WINDOW 
Candidate brush IDs: Brush 34783: 


FindPortalSide: Couldn't find a good match for which brush to assign to a portal near (1474.0 1406.5 -1580.5)
Leaf 0 contents: CONTENTS_SOLID CONTENTS_WINDOW CONTENTS_TRANSLUCENT 
Leaf 1 contents: CONTENTS_SOLID 
viscontents (node 0 contents ^ node 1 contents): CONTENTS_WINDOW 
This means that none of the brushes in leaf 0 or 1 that touches the portal has CONTENTS_WINDOW 
Check for a huge brush enclosing the coordinates above that has contents CONTENTS_WINDOW 
Candidate brush IDs: Brush 34783: 


FindPortalSide: Couldn't find a good match for which brush to assign to a portal near (-1152.0 1024.0 -2347.5)
Leaf 0 contents: CONTENTS_SOLID 
Leaf 1 contents: 
viscontents (node 0 contents ^ node 1 contents): CONTENTS_SOLID 
This means that none of the brushes in leaf 0 or 1 that touches the portal has CONTENTS_SOLID 
Check for a huge brush enclosing the coordinates above that has contents CONTENTS_SOLID 
Candidate brush IDs: 


FindPortalSide: Couldn't find a good match for which brush to assign to a portal near (-1664.0 1024.0 -2347.5)
Leaf 0 contents: CONTENTS_SOLID 
Leaf 1 contents: 
viscontents (node 0 contents ^ node 1 contents): CONTENTS_SOLID 
This means that none of the brushes in leaf 0 or 1 that touches the portal has CONTENTS_SOLID 
Check for a huge brush enclosing the coordinates above that has contents CONTENTS_SOLID 
Candidate brush IDs: 


FindPortalSide: Couldn't find a good match for which brush to assign to a portal near (-1152.0 1024.0 -1704.0)
Leaf 0 contents: CONTENTS_SOLID 
Leaf 1 contents: 
viscontents (node 0 contents ^ node 1 contents): CONTENTS_SOLID 
This means that none of the brushes in leaf 0 or 1 that touches the portal has CONTENTS_SOLID 
Check for a huge brush enclosing the coordinates above that has contents CONTENTS_SOLID 
Candidate brush IDs: 


FindPortalSide: Couldn't find a good match for which brush to assign to a portal near (-1664.0 1024.0 -1704.0)
Leaf 0 contents: CONTENTS_SOLID 
Leaf 1 contents: 
viscontents (node 0 contents ^ node 1 contents): CONTENTS_SOLID 
This means that none of the brushes in leaf 0 or 1 that touches the portal has CONTENTS_SOLID 
Check for a huge brush enclosing the coordinates above that has contents CONTENTS_SOLID 
Candidate brush IDs: 


FindPortalSide: Couldn't find a good match for which brush to assign to a portal near (-1152.0 1024.0 -1338.0)
Leaf 0 contents: CONTENTS_SOLID 
Leaf 1 contents: 
viscontents (node 0 contents ^ node 1 contents): CONTENTS_SOLID 
This means that none of the brushes in leaf 0 or 1 that touches the portal has CONTENTS_SOLID 
Check for a huge brush enclosing the coordinates above that has contents CONTENTS_SOLID 
Candidate brush IDs: 


FindPortalSide: Couldn't find a good match for which brush to assign to a portal near (-1664.0 1024.0 -1338.0)
Leaf 0 contents: CONTENTS_SOLID 
Leaf 1 contents: 
viscontents (node 0 contents ^ node 1 contents): CONTENTS_SOLID 
This means that none of the brushes in leaf 0 or 1 that touches the portal has CONTENTS_SOLID 
Check for a huge brush enclosing the coordinates above that has contents CONTENTS_SOLID 
Candidate brush IDs: 

*** Suppressing further FindPortalSide errors.... ***
Processing areas...done (0)
Building Faces...done (0)
Chop Details...done (0)
Find Visible Detail Sides...done (0)
Merging details...done (0)
FixTjuncs...
PruneNodes...
WriteBSP...
done (0)
material "skybox/rt" not found.
Can't load skybox file skybox/ to build the default cubemap!
Can't load skybox file skybox/ to build the default cubemap!
Finding displacement neighbors...
Finding lightmap sample positions...
Displacement Alpha : 0...1...2...3...4...5...6...7...8...9...10
Building Physics collision data...
done (0) (157698 bytes)
Error! prop_static using model "models/props_junk/wood_crate002a.mdl", which must be used on a dynamic entity (i.e. prop_physics). Deleted.
Error loading studio model STATIC "models/props_junk/wood_crate002a.mdl"!
Error! To use model "models/maxofs2d/thruster_propeller.mdl"
      with prop_static, it must be compiled with $staticprop!
Error loading studio model STATIC "models/maxofs2d/thruster_propeller.mdl"!
Error! prop_static using model "models/mechanics/solid_steel/truss_48.mdl", which must be used on a dynamic entity (i.e. prop_physics). Deleted.
Error loading studio model STATIC "models/mechanics/solid_steel/truss_48.mdl"!
Placing detail props : 0...1...2...3...4...5...6...7...8...9...10
Compacting texture/material tables...
Reduced 718 texinfos to 551
Reduced 40 texdatas to 38 (924 bytes to 882)
Writing S:\ttt_map\ttt_chem_factory.bsp
1 second elapsed



16 threads
reading s:\ttt_map\ttt_chem_factory.bsp
reading s:\ttt_map\ttt_chem_factory.prt
LoadPortals: couldn't read s:\ttt_map\ttt_chem_factory.prt



[Reading texlights from 'lights.rad']
[45 texlights parsed from 'lights.rad']

Loading s:\ttt_map\ttt_chem_factory.bsp
PREP OK
No vis information, direct lighting only.
5048 faces
2 degenerate faces
1180917 square feet [170052160.00 square inches]
0 Displacements
0 Square Feet [0.00 Square Inches]
WARNING: light_spot at (1848 1028 -2132) has outer angle larger than 90 degrees! Clamping to 90...
WARNING: light_spot at (2410 1030 -2132) has outer angle larger than 90 degrees! Clamping to 90...
63 direct lights
0...1...2...3...4...5...6...7...8...9...10Build Patch/Sample Hash Table(s).....Done<0.0150 sec>
0...1...2...3...4...5...6...7...8...9...10FinalLightFace Done
0 of 0 (0% of) surface lights went in leaf ambient cubes.
0...1...2...3...4...5...6...7...8...9...10Writing leaf ambient...done
Ready to Finish

Object names       Objects/Maxobjs  Memory / Maxmem  Fullness 
------------       ---------------  ---------------  -------- 
models                   7/4096          336/196608   ( 0.2%) 
brushes                350/16384        4200/196608   ( 2.1%) 
brushsides            3158/163840      25264/1310720  ( 1.9%) 
planes                3620/65536       72400/1310720  ( 5.5%) 
vertexes              7251/65536       87012/786432   (11.1%) 
nodes                 2652/65536       84864/2097152  ( 4.0%) 
texinfos               551/16384       39672/1179648  ( 3.4%) 
texdata                 38/8192         1216/262144   ( 0.5%) 
dispinfos                0/0               0/0        ( 0.0%) 
disp_verts               0/0               0/0        ( 0.0%) 
disp_tris                0/0               0/0        ( 0.0%) 
disp_lmsamples           0/0               0/0        ( 0.0%) 
faces                 5048/65536      282688/3670016  ( 7.7%) 
hdr faces                0/65536           0/3670016  ( 0.0%) 
origfaces             1778/65536       99568/3670016  ( 2.7%) 
leaves                2660/65536       85120/2097152  ( 4.1%) 
leaffaces             6069/65536       12138/131072   ( 9.3%) 
leafbrushes           1649/65536        3298/131072   ( 2.5%) 
areas                    2/1024           16/8192     ( 0.2%) 
surfedges            31486/512000     125944/2048000  ( 6.1%) 
edges                16865/256000      67460/1024000  ( 6.6%) 
LDR worldlights         63/8192         5544/720896   ( 0.8%) 
HDR worldlights          0/8192            0/720896   ( 0.0%) 
leafwaterdata            0/32768           0/393216   ( 0.0%) 
waterstrips            433/32768        4330/327680   ( 1.3%) 
waterverts               0/65536           0/786432   ( 0.0%) 
waterindices          6270/65536       12540/131072   ( 9.6%) 
cubemapsamples           0/1024            0/16384    ( 0.0%) 
overlays                 0/8192            0/2883584  ( 0.0%) 
LDR lightdata         [variable]     7105364/0        ( 0.0%) 
HDR lightdata         [variable]           0/0        ( 0.0%) 
visdata               [variable]           0/16777216 ( 0.0%) 
entdata               [variable]       69588/393216   (17.7%) 
LDR ambient table     2660/65536       10640/262144   ( 4.1%) 
HDR ambient table     2660/65536       10640/262144   ( 4.1%) 
LDR leaf ambient      7523/65536      210644/1835008  (11.5%) 
HDR leaf ambient      2660/65536       74480/1835008  ( 4.1%) 
occluders                0/0               0/0        ( 0.0%) 
occluder polygons        0/0               0/0        ( 0.0%) 
occluder vert ind        0/0               0/0        ( 0.0%) 
detail props          [variable]           1/12       ( 8.3%) 
static props          [variable]           1/14300    ( 0.0%) 
pakfile               [variable]          54/0        ( 0.0%) 
physics               [variable]      157698/4194304  ( 3.8%) 
physics terrain       [variable]           2/1048576  ( 0.0%) 

Level flags = 0

Total triangle count: 13691
Writing s:\ttt_map\ttt_chem_factory.bsp
2 seconds elapsed



[Reading texlights from 'lights.rad']
[45 texlights parsed from 'lights.rad']

Loading s:\ttt_map\ttt_chem_factory.bsp
PREP OK
No vis information, direct lighting only.
5048 faces
2 degenerate faces
1180917 square feet [170052160.00 square inches]
0 Displacements
0 Square Feet [0.00 Square Inches]
WARNING: light_spot at (1848 1028 -2132) has outer angle larger than 90 degrees! Clamping to 90...
WARNING: light_spot at (2410 1030 -2132) has outer angle larger than 90 degrees! Clamping to 90...
63 direct lights
0...1...2...3...4...5...6...7...8...9...10Build Patch/Sample Hash Table(s).....Done<0.0163 sec>
0...1...2...3...4...5...6...7...8...9...10FinalLightFace Done
0 of 0 (0% of) surface lights went in leaf ambient cubes.
0...1...2...3...4...5...6...7...8...9...10Writing leaf ambient...done
Ready to Finish

Object names       Objects/Maxobjs  Memory / Maxmem  Fullness 
------------       ---------------  ---------------  -------- 
models                   7/4096          336/196608   ( 0.2%) 
brushes                350/16384        4200/196608   ( 2.1%) 
brushsides            3158/163840      25264/1310720  ( 1.9%) 
planes                3620/65536       72400/1310720  ( 5.5%) 
vertexes              7251/65536       87012/786432   (11.1%) 
nodes                 2652/65536       84864/2097152  ( 4.0%) 
texinfos               551/16384       39672/1179648  ( 3.4%) 
texdata                 38/8192         1216/262144   ( 0.5%) 
dispinfos                0/0               0/0        ( 0.0%) 
disp_verts               0/0               0/0        ( 0.0%) 
disp_tris                0/0               0/0        ( 0.0%) 
disp_lmsamples           0/0               0/0        ( 0.0%) 
faces                 5048/65536      282688/3670016  ( 7.7%) 
hdr faces             5048/65536      282688/3670016  ( 7.7%) 
origfaces             1778/65536       99568/3670016  ( 2.7%) 
leaves                2660/65536       85120/2097152  ( 4.1%) 
leaffaces             6069/65536       12138/131072   ( 9.3%) 
leafbrushes           1649/65536        3298/131072   ( 2.5%) 
areas                    2/1024           16/8192     ( 0.2%) 
surfedges            31486/512000     125944/2048000  ( 6.1%) 
edges                16865/256000      67460/1024000  ( 6.6%) 
LDR worldlights         63/8192         5544/720896   ( 0.8%) 
HDR worldlights         63/8192         5544/720896   ( 0.8%) 
leafwaterdata            0/32768           0/393216   ( 0.0%) 
waterstrips            433/32768        4330/327680   ( 1.3%) 
waterverts               0/65536           0/786432   ( 0.0%) 
waterindices          6270/65536       12540/131072   ( 9.6%) 
cubemapsamples           0/1024            0/16384    ( 0.0%) 
overlays                 0/8192            0/2883584  ( 0.0%) 
LDR lightdata         [variable]     7105364/0        ( 0.0%) 
HDR lightdata         [variable]     7105364/0        ( 0.0%) 
visdata               [variable]           0/16777216 ( 0.0%) 
entdata               [variable]       69588/393216   (17.7%) 
LDR ambient table     2660/65536       10640/262144   ( 4.1%) 
HDR ambient table     2660/65536       10640/262144   ( 4.1%) 
LDR leaf ambient      7523/65536      210644/1835008  (11.5%) 
HDR leaf ambient      7523/65536      210644/1835008  (11.5%) 
occluders                0/0               0/0        ( 0.0%) 
occluder polygons        0/0               0/0        ( 0.0%) 
occluder vert ind        0/0               0/0        ( 0.0%) 
detail props          [variable]           1/12       ( 8.3%) 
static props          [variable]           1/14300    ( 0.0%) 
pakfile               [variable]          54/0        ( 0.0%) 
physics               [variable]      157698/4194304  ( 3.8%) 
physics terrain       [variable]           2/1048576  ( 0.0%) 

Level flags = 0

Total triangle count: 13691
Writing s:\ttt_map\ttt_chem_factory.bsp
2 seconds elapsed
